<component name="libraryTable">
  <library name="junit-4.12_ff028c36">
    <CLASSES>
      <root url="jar:///private/var/tmp/_bazel_idank/985baea44d32ce67b7c7ac10bdd22479/execroot/intellij_with_bazel/external/junit/jar/junit-4.12.jar!/" />
    </CLASSES>
    <JAVADOC />
    <SOURCES />
  </library>
</component>